2017-11-27 13:40:08 +0000  Initial pipeline context: <IDEDistributionProcessingPipelineContext: 0x7fcb036769b0; archive(resolved)='<IDEArchive: 0x7fcb06107900>', distributionTask(resolved)='2', distributionMethod(resolved)='<IDEDistributionMethodiOSAppStoreExport: 0x7fcb0348bbe0>', team(resolved)='<IDEProvisioningBasicTeam 0x7fcb04421eb0: teamID: RWJVRQ865N, teamName: Aleph Retamal>'>
	Chain (11, self inclusive):
	<IDEDistributionProcessingPipelineContext: 0x7fcb036769b0; archive = '<IDEArchive: 0x7fcb06107900>', distributionMethod='<IDEDistributionMethodiOSAppStoreExport: 0x7fcb0348bbe0>', team='<IDEProvisioningBasicTeam 0x7fcb04421eb0: teamID: RWJVRQ865N, teamName: Aleph Retamal>'>
	<IDEDistributionProcessingPipelineContext: 0x7fcb03f6f4c0; archive = '<IDEArchive: 0x7fcb06107900>', distributionMethod='<IDEDistributionMethodiOSAppStoreExport: 0x7fcb0348bbe0>', team='<IDEProvisioningBasicTeam 0x7fcb04421eb0: teamID: RWJVRQ865N, teamName: Aleph Retamal>'>
	<IDEDistributionContext: 0x7fcb01e4a760; archive = '<IDEArchive: 0x7fcb06107900>', distributionMethod='<IDEDistributionMethodiOSAppStoreExport: 0x7fcb0348bbe0>', team='<IDEProvisioningBasicTeam 0x7fcb04421eb0: teamID: RWJVRQ865N, teamName: Aleph Retamal>'>
	<IDEDistributionContext: 0x7fcb03997490; archive = '<IDEArchive: 0x7fcb06107900>', distributionMethod='<IDEDistributionMethodiOSAppStoreExport: 0x7fcb0348bbe0>', team='<IDEProvisioningBasicTeam 0x7fcb04421eb0: teamID: RWJVRQ865N, teamName: Aleph Retamal>'>
	<IDEDistributionContext: 0x7fcb04434490; archive = '<IDEArchive: 0x7fcb06107900>', distributionMethod='<IDEDistributionMethodiOSAppStoreExport: 0x7fcb0348bbe0>', team='<IDEProvisioningBasicTeam 0x7fcb04421eb0: teamID: RWJVRQ865N, teamName: Aleph Retamal>'>
	<IDEDistributionContext: 0x7fcb20e4db90; archive = '<IDEArchive: 0x7fcb06107900>', distributionMethod='<IDEDistributionMethodiOSAppStoreExport: 0x7fcb0348bbe0>', team='<IDEProvisioningBasicTeam 0x7fcb04421eb0: teamID: RWJVRQ865N, teamName: Aleph Retamal>'>
	<IDEDistributionContext: 0x7fcb03a217d0; archive = '<IDEArchive: 0x7fcb06107900>', distributionMethod='<IDEDistributionMethodiOSAppStoreExport: 0x7fcb0348bbe0>', team='<IDEProvisioningBasicTeam 0x7fcb04421eb0: teamID: RWJVRQ865N, teamName: Aleph Retamal>'>
	<IDEDistributionContext: 0x7fcb037836e0; archive = '<IDEArchive: 0x7fcb06107900>', distributionMethod='<IDEDistributionMethodiOSAppStoreExport: 0x7fcb0348bbe0>', team='<IDEProvisioningBasicTeam 0x7fcb04421eb0: teamID: RWJVRQ865N, teamName: Aleph Retamal>'>
	<IDEDistributionContext: 0x7fcb045a3700; archive = '<IDEArchive: 0x7fcb06107900>', distributionMethod='<IDEDistributionMethodiOSAppStoreExport: 0x7fcb0348bbe0>', team='<IDEProvisioningBasicTeam 0x7fcb04421eb0: teamID: RWJVRQ865N, teamName: Aleph Retamal>'>
	<IDEDistributionContext: 0x7fcb04751a60; archive = '<IDEArchive: 0x7fcb06107900>', distributionMethod='<IDEDistributionMethodiOSAppStoreExport: 0x7fcb0348bbe0>', team='(null)'>
	<IDEDistributionContext: 0x7fcb062ba860; archive = '<IDEArchive: 0x7fcb06107900>', distributionMethod='(null)', team='(null)'>
</IDEDistributionProcessingPipelineContext: 0x7fcb036769b0>
2017-11-27 13:40:08 +0000  Processing step: IDEDistributionCreateDestRootStep
2017-11-27 13:40:08 +0000  Processing step: IDEDistributionCopyItemStep
2017-11-27 13:40:08 +0000  Running /usr/bin/ditto '-V' '/Users/heptaman/Library/Developer/Xcode/Archives/2017-11-28/OBKVolunteer 28-11-17, 12.38 am.xcarchive/Products/Applications/OBKVolunteer.app' '/var/folders/26/_hgl601x60dfg_glbg8k1gv80000gn/T/XcodeDistPipeline.p9L/Root/Payload/OBKVolunteer.app'
2017-11-27 13:40:08 +0000  >>> Copying /Users/heptaman/Library/Developer/Xcode/Archives/2017-11-28/OBKVolunteer 28-11-17, 12.38 am.xcarchive/Products/Applications/OBKVolunteer.app 
2017-11-27 13:40:08 +0000  copying file ./_CodeSignature/CodeResources ... 
2017-11-27 13:40:08 +0000  19151 bytes for ./_CodeSignature/CodeResources
2017-11-27 13:40:08 +0000  copying file ./Octicons.ttf ... 
2017-11-27 13:40:08 +0000  27512 bytes for ./Octicons.ttf
2017-11-27 13:40:08 +0000  copying file ./AppIcon20x20@2x.png ... 
2017-11-27 13:40:08 +0000  1210 bytes for ./AppIcon20x20@2x.png
copying file ./AppIcon57x57.png ... 
2017-11-27 13:40:08 +0000  1470 bytes for ./AppIcon57x57.png
2017-11-27 13:40:08 +0000  copying file ./logo.gif ... 
2017-11-27 13:40:08 +0000  7695 bytes for ./logo.gif
2017-11-27 13:40:08 +0000  copying file ./Entypo.ttf ... 
2017-11-27 13:40:08 +0000  65584 bytes for ./Entypo.ttf
2017-11-27 13:40:08 +0000  copying file ./AppIcon20x20@3x.png ... 
2017-11-27 13:40:08 +0000  1522 bytes for ./AppIcon20x20@3x.png
copying file ./AppIcon29x29.png ... 
2017-11-27 13:40:08 +0000  1065 bytes for ./AppIcon29x29.png
2017-11-27 13:40:08 +0000  copying file ./MaterialCommunityIcons.ttf ... 
2017-11-27 13:40:08 +0000  292556 bytes for ./MaterialCommunityIcons.ttf
copying file ./AppIcon60x60@2x.png ... 
2017-11-27 13:40:08 +0000  3083 bytes for ./AppIcon60x60@2x.png
2017-11-27 13:40:08 +0000  copying file ./AppIcon29x29@2x.png ... 
2017-11-27 13:40:08 +0000  1511 bytes for ./AppIcon29x29@2x.png
2017-11-27 13:40:08 +0000  copying file ./AppIcon40x40@3x.png ... 
2017-11-27 13:40:08 +0000  3083 bytes for ./AppIcon40x40@3x.png
2017-11-27 13:40:08 +0000  copying file ./AppIcon57x57@2x.png ... 
2017-11-27 13:40:08 +0000  2924 bytes for ./AppIcon57x57@2x.png
2017-11-27 13:40:08 +0000  copying file ./Foundation.ttf ... 
2017-11-27 13:40:08 +0000  56976 bytes for ./Foundation.ttf
copying file ./Ionicons.ttf ... 
2017-11-27 13:40:08 +0000  143936 bytes for ./Ionicons.ttf
copying file ./AppIcon40x40@2x.png ... 
2017-11-27 13:40:08 +0000  2057 bytes for ./AppIcon40x40@2x.png
2017-11-27 13:40:08 +0000  copying file ./AppIcon29x29@3x.png ... 
2017-11-27 13:40:08 +0000  2233 bytes for ./AppIcon29x29@3x.png
2017-11-27 13:40:08 +0000  copying file ./AppIcon60x60@3x.png ... 
2017-11-27 13:40:08 +0000  5037 bytes for ./AppIcon60x60@3x.png
2017-11-27 13:40:08 +0000  copying file ./Base.lproj/LaunchScreen.nib ... 
2017-11-27 13:40:08 +0000  3296 bytes for ./Base.lproj/LaunchScreen.nib
2017-11-27 13:40:08 +0000  copying file ./FontAwesome.ttf ... 
2017-11-27 13:40:08 +0000  165548 bytes for ./FontAwesome.ttf
copying file ./archived-expanded-entitlements.xcent ... 
2017-11-27 13:40:08 +0000  290 bytes for ./archived-expanded-entitlements.xcent
2017-11-27 13:40:08 +0000  copying file ./Zocial.ttf ... 
2017-11-27 13:40:08 +0000  25552 bytes for ./Zocial.ttf
copying file ./Assets.car ... 
2017-11-27 13:40:08 +0000  615592 bytes for ./Assets.car
copying file ./main.jsbundle.meta ... 
2017-11-27 13:40:08 +0000  21 bytes for ./main.jsbundle.meta
copying file ./OBKVolunteer ... 
2017-11-27 13:40:08 +0000  28630992 bytes for ./OBKVolunteer
copying file ./EvilIcons.ttf ... 
2017-11-27 13:40:08 +0000  13128 bytes for ./EvilIcons.ttf
copying file ./main.jsbundle ... 
2017-11-27 13:40:08 +0000  1541508 bytes for ./main.jsbundle
2017-11-27 13:40:08 +0000  copying file ./SimpleLineIcons.ttf ... 
2017-11-27 13:40:08 +0000  54056 bytes for ./SimpleLineIcons.ttf
copying file ./embedded.mobileprovision ... 
2017-11-27 13:40:08 +0000  12882 bytes for ./embedded.mobileprovision
2017-11-27 13:40:08 +0000  copying file ./assets/app/images/logo.gif ... 
2017-11-27 13:40:08 +0000  7695 bytes for ./assets/app/images/logo.gif
2017-11-27 13:40:08 +0000  copying file ./assets/app/images/ic_done_all/ic_done_all.png ... 
2017-11-27 13:40:08 +0000  202 bytes for ./assets/app/images/ic_done_all/ic_done_all.png
2017-11-27 13:40:08 +0000  copying file ./assets/app/images/ic_done_all/ic_done_all@3x.png ... 
2017-11-27 13:40:08 +0000  376 bytes for ./assets/app/images/ic_done_all/ic_done_all@3x.png
2017-11-27 13:40:08 +0000  copying file ./assets/app/images/ic_done_all/ic_done_all@2x.png ... 
2017-11-27 13:40:08 +0000  284 bytes for ./assets/app/images/ic_done_all/ic_done_all@2x.png
2017-11-27 13:40:08 +0000  copying file ./assets/app/images/vegetables_logo/vegetables-logo@2x.png ... 
2017-11-27 13:40:08 +0000  10922 bytes for ./assets/app/images/vegetables_logo/vegetables-logo@2x.png
2017-11-27 13:40:08 +0000  copying file ./assets/app/images/vegetables_logo/vegetables-logo@3x.png ... 
2017-11-27 13:40:08 +0000  17000 bytes for ./assets/app/images/vegetables_logo/vegetables-logo@3x.png
2017-11-27 13:40:08 +0000  copying file ./assets/app/images/vegetables_logo/vegetables-logo.png ... 
2017-11-27 13:40:08 +0000  5051 bytes for ./assets/app/images/vegetables_logo/vegetables-logo.png
2017-11-27 13:40:08 +0000  copying file ./assets/app/images/ic_check/ic_check@2x.png ... 
2017-11-27 13:40:08 +0000  188 bytes for ./assets/app/images/ic_check/ic_check@2x.png
copying file ./assets/app/images/ic_check/ic_check@3x.png ... 
2017-11-27 13:40:08 +0000  254 bytes for ./assets/app/images/ic_check/ic_check@3x.png
2017-11-27 13:40:08 +0000  copying file ./assets/app/images/ic_check/ic_check.png ... 
2017-11-27 13:40:08 +0000  128 bytes for ./assets/app/images/ic_check/ic_check.png
2017-11-27 13:40:08 +0000  copying file ./assets/app/images/ic_person/ic_person@2x.png ... 
2017-11-27 13:40:08 +0000  307 bytes for ./assets/app/images/ic_person/ic_person@2x.png
2017-11-27 13:40:08 +0000  copying file ./assets/app/images/ic_person/ic_person@3x.png ... 
2017-11-27 13:40:08 +0000  428 bytes for ./assets/app/images/ic_person/ic_person@3x.png
copying file ./assets/app/images/ic_person/ic_person.png ... 
2017-11-27 13:40:08 +0000  189 bytes for ./assets/app/images/ic_person/ic_person.png
2017-11-27 13:40:08 +0000  copying file ./assets/app/images/ic_list/ic_list.png ... 
2017-11-27 13:40:08 +0000  85 bytes for ./assets/app/images/ic_list/ic_list.png
2017-11-27 13:40:08 +0000  copying file ./assets/app/images/ic_list/ic_list@2x.png ... 
2017-11-27 13:40:08 +0000  101 bytes for ./assets/app/images/ic_list/ic_list@2x.png
2017-11-27 13:40:08 +0000  copying file ./assets/app/images/ic_list/ic_list@3x.png ... 
2017-11-27 13:40:08 +0000  111 bytes for ./assets/app/images/ic_list/ic_list@3x.png
2017-11-27 13:40:08 +0000  copying file ./assets/node_modules/react-navigation/src/views/assets/back-icon@3x.png ... 
2017-11-27 13:40:08 +0000  732 bytes for ./assets/node_modules/react-navigation/src/views/assets/back-icon@3x.png
2017-11-27 13:40:08 +0000  copying file ./assets/node_modules/react-navigation/src/views/assets/back-icon@2x.png ... 
2017-11-27 13:40:08 +0000  534 bytes for ./assets/node_modules/react-navigation/src/views/assets/back-icon@2x.png
copying file ./assets/node_modules/react-navigation/src/views/assets/back-icon.png ... 
2017-11-27 13:40:08 +0000  379 bytes for ./assets/node_modules/react-navigation/src/views/assets/back-icon.png
2017-11-27 13:40:08 +0000  copying file ./assets/node_modules/react-native-datepicker/date_icon.png ... 
2017-11-27 13:40:08 +0000  1133 bytes for ./assets/node_modules/react-native-datepicker/date_icon.png
2017-11-27 13:40:08 +0000  copying file ./assets/node_modules/react-native-elements/src/rating/images/bell.png ... 
2017-11-27 13:40:08 +0000  2989 bytes for ./assets/node_modules/react-native-elements/src/rating/images/bell.png
2017-11-27 13:40:08 +0000  copying file ./assets/node_modules/react-native-elements/src/rating/images/heart.png ... 
2017-11-27 13:40:08 +0000  1928 bytes for ./assets/node_modules/react-native-elements/src/rating/images/heart.png
2017-11-27 13:40:08 +0000  copying file ./assets/node_modules/react-native-elements/src/rating/images/rocket.png ... 
2017-11-27 13:40:08 +0000  4050 bytes for ./assets/node_modules/react-native-elements/src/rating/images/rocket.png
2017-11-27 13:40:08 +0000  copying file ./assets/node_modules/react-native-elements/src/rating/images/star.png ... 
2017-11-27 13:40:08 +0000  1961 bytes for ./assets/node_modules/react-native-elements/src/rating/images/star.png
2017-11-27 13:40:08 +0000  copying file ./Info.plist ... 
2017-11-27 13:40:08 +0000  1855 bytes for ./Info.plist
2017-11-27 13:40:08 +0000  copying file ./PkgInfo ... 
2017-11-27 13:40:08 +0000  8 bytes for ./PkgInfo
copying file ./MaterialIcons.ttf ... 
2017-11-27 13:40:08 +0000  128180 bytes for ./MaterialIcons.ttf
2017-11-27 13:40:08 +0000  
2017-11-27 13:40:08 +0000  
2017-11-27 13:40:08 +0000  /usr/bin/ditto exited with 02017-11-27 13:40:08 +0000  
2017-11-27 13:40:08 +0000  

2017-11-27 13:40:08 +0000  Processing step: IDEDistributionEmbedProfileStep
2017-11-27 13:40:08 +0000  Processing step: IDEDistributionItemRemovalStep
2017-11-27 13:40:08 +0000  Processing step: IDEDistributionAppThinningPlistStep
2017-11-27 13:40:08 +0000  Skipping step: IDEDistributionAppThinningPlistStep because it said so
2017-11-27 13:40:08 +0000  Processing step: IDEDistributionCompileBitcodeStep
2017-11-27 13:40:08 +0000  Skipping step: IDEDistributionCompileBitcodeStep because it said so
2017-11-27 13:40:08 +0000  Processing step: IDEDistributionCodeSlimmingStep
2017-11-27 13:40:09 +0000  Processing step: IDEDistributionCopyBCSymbolMapsStep
2017-11-27 13:40:09 +0000  Running /usr/bin/ditto '-V' '/Users/heptaman/Library/Developer/Xcode/Archives/2017-11-28/OBKVolunteer 28-11-17, 12.38 am.xcarchive/BCSymbolMaps/02DD8831-8927-39C2-970C-C805072636E3.bcsymbolmap' '/var/folders/26/_hgl601x60dfg_glbg8k1gv80000gn/T/XcodeDistPipeline.p9L/Root/BCSymbolMaps/02DD8831-8927-39C2-970C-C805072636E3.bcsymbolmap'
2017-11-27 13:40:09 +0000  >>> Copying /Users/heptaman/Library/Developer/Xcode/Archives/2017-11-28/OBKVolunteer 28-11-17, 12.38 am.xcarchive/BCSymbolMaps/02DD8831-8927-39C2-970C-C805072636E3.bcsymbolmap 
2017-11-27 13:40:09 +0000  copying file ./02DD8831-8927-39C2-970C-C805072636E3.bcsymbolmap ... 
2017-11-27 13:40:09 +0000  890141 bytes for ./02DD8831-8927-39C2-970C-C805072636E3.bcsymbolmap
2017-11-27 13:40:09 +0000  2017-11-27 13:40:09 +0000  /usr/bin/ditto exited with 0

2017-11-27 13:40:09 +0000  2017-11-27 13:40:09 +0000  

2017-11-27 13:40:09 +0000  Running /usr/bin/ditto '-V' '/Users/heptaman/Library/Developer/Xcode/Archives/2017-11-28/OBKVolunteer 28-11-17, 12.38 am.xcarchive/BCSymbolMaps/634F72E9-DB91-318D-8E23-9F310F30AAD1.bcsymbolmap' '/var/folders/26/_hgl601x60dfg_glbg8k1gv80000gn/T/XcodeDistPipeline.p9L/Root/BCSymbolMaps/634F72E9-DB91-318D-8E23-9F310F30AAD1.bcsymbolmap'
2017-11-27 13:40:09 +0000  >>> Copying /Users/heptaman/Library/Developer/Xcode/Archives/2017-11-28/OBKVolunteer 28-11-17, 12.38 am.xcarchive/BCSymbolMaps/634F72E9-DB91-318D-8E23-9F310F30AAD1.bcsymbolmap 
2017-11-27 13:40:09 +0000  copying file ./634F72E9-DB91-318D-8E23-9F310F30AAD1.bcsymbolmap ... 
2017-11-27 13:40:09 +0000  897861 bytes for ./634F72E9-DB91-318D-8E23-9F310F30AAD1.bcsymbolmap
2017-11-27 13:40:09 +0000  2017-11-27 13:40:09 +0000  /usr/bin/ditto exited with 0

2017-11-27 13:40:09 +0000  
2017-11-27 13:40:09 +0000  Processing step: IDEDistributionSymbolsStep
2017-11-27 13:40:09 +0000  Excluding symbols for OBKVolunteer.app
2017-11-27 13:40:09 +0000  Processing step: IDEDistributionCopyAppleProvidedContentStep
2017-11-27 13:40:09 +0000  Processing step: IDEDistributionAppThinningStep
2017-11-27 13:40:09 +0000  Skipping step: IDEDistributionAppThinningStep because it said so
2017-11-27 13:40:09 +0000  Processing step: IDEDistributionODRStep
2017-11-27 13:40:09 +0000  Processing step: IDEDistributionStripXattrsStep
2017-11-27 13:40:09 +0000  Running /usr/bin/xattr '-crs' '/var/folders/26/_hgl601x60dfg_glbg8k1gv80000gn/T/XcodeDistPipeline.p9L/Root/Payload/OBKVolunteer.app'
2017-11-27 13:40:09 +0000  
2017-11-27 13:40:09 +0000  2017-11-27 13:40:09 +0000  /usr/bin/xattr exited with 0

2017-11-27 13:40:09 +0000  
2017-11-27 13:40:09 +0000  
2017-11-27 13:40:09 +0000  Processing step: IDEDistributionCodesignStep
2017-11-27 13:40:09 +0000  Applying entitlements delta for <IDEDistributionItem: 0x7fcb044da290 'au.org.obk.obk-ios' '<DVTFilePath:0x7fcb06736240:'/Users/heptaman/Library/Developer/Xcode/Archives/2017-11-28/OBKVolunteer 28-11-17, 12.38 am.xcarchive/Products/Applications/OBKVolunteer.app'>'> from <IDEiCloudEntitlementsProcessor: 0x7fcb07b3f8c0>: {
}
2017-11-27 13:40:09 +0000  Entitlements for <IDEDistributionItem: 0x7fcb044da290 'au.org.obk.obk-ios' '<DVTFilePath:0x7fcb06736240:'/Users/heptaman/Library/Developer/Xcode/Archives/2017-11-28/OBKVolunteer 28-11-17, 12.38 am.xcarchive/Products/Applications/OBKVolunteer.app'>'>: {
    "application-identifier" = "RWJVRQ865N.au.org.obk.obk-ios";
    "beta-reports-active" = 1;
    "com.apple.developer.team-identifier" = RWJVRQ865N;
    "get-task-allow" = 0;
    "keychain-access-groups" =     (
        "RWJVRQ865N.org.obk.volunteer"
    );
}
2017-11-27 13:40:09 +0000  Writing entitlements for <IDEDistributionItem: 0x7fcb044da290 'au.org.obk.obk-ios' '<DVTFilePath:0x7fcb06736240:'/Users/heptaman/Library/Developer/Xcode/Archives/2017-11-28/OBKVolunteer 28-11-17, 12.38 am.xcarchive/Products/Applications/OBKVolunteer.app'>'> to: /var/folders/26/_hgl601x60dfg_glbg8k1gv80000gn/T/XcodeDistPipeline.p9L/entitlementseycB0L
2017-11-27 13:40:09 +0000  Running /usr/bin/codesign '-vvv' '--force' '--sign' '409390F11CD52A5601CFBE0ECA9867138E3EAC09' '--preserve-metadata=identifier,flags' '--entitlements' '/var/folders/26/_hgl601x60dfg_glbg8k1gv80000gn/T/XcodeDistPipeline.p9L/entitlementseycB0L' '/var/folders/26/_hgl601x60dfg_glbg8k1gv80000gn/T/XcodeDistPipeline.p9L/Root/Payload/OBKVolunteer.app'
2017-11-27 13:40:10 +0000  /var/folders/26/_hgl601x60dfg_glbg8k1gv80000gn/T/XcodeDistPipeline.p9L/Root/Payload/OBKVolunteer.app: signed app bundle with Mach-O universal (armv7 arm64) [au.org.obk.obk-ios]
2017-11-27 13:40:10 +0000  2017-11-27 13:40:10 +0000  

2017-11-27 13:40:10 +0000  
2017-11-27 13:40:10 +0000  
2017-11-27 13:40:10 +0000  
2017-11-27 13:40:10 +0000  
2017-11-27 13:40:10 +0000  
2017-11-27 13:40:10 +0000  
2017-11-27 13:40:10 +0000  
2017-11-27 13:40:10 +0000  
2017-11-27 13:40:10 +0000  
2017-11-27 13:40:10 +0000  
2017-11-27 13:40:10 +0000  
2017-11-27 13:40:10 +0000  
2017-11-27 13:40:10 +0000  
2017-11-27 13:40:10 +0000  
2017-11-27 13:40:10 +0000  /usr/bin/codesign exited with 02017-11-27 13:40:10 +0000  

2017-11-27 13:40:10 +0000  
2017-11-27 13:40:10 +0000  Processing step: IDEDistributionStreamingZipItemStep
2017-11-27 13:40:10 +0000  Skipping step: IDEDistributionStreamingZipItemStep because it said so
2017-11-27 13:40:10 +0000  Processing step: IDEDistributionCreateIPAStep
2017-11-27 13:40:10 +0000  Running /usr/bin/ditto '-V' '-c' '-k' '--norsrc' '/var/folders/26/_hgl601x60dfg_glbg8k1gv80000gn/T/XcodeDistPipeline.p9L/Root' '/var/folders/26/_hgl601x60dfg_glbg8k1gv80000gn/T/XcodeDistPipeline.p9L/Packages/OBKVolunteer.ipa'
2017-11-27 13:40:10 +0000  >>> Copying /var/folders/26/_hgl601x60dfg_glbg8k1gv80000gn/T/XcodeDistPipeline.p9L/Root 
2017-11-27 13:40:10 +0000  copying file ./BCSymbolMaps/634F72E9-DB91-318D-8E23-9F310F30AAD1.bcsymbolmap ... 
2017-11-27 13:40:10 +0000  897861 bytes for ./BCSymbolMaps/634F72E9-DB91-318D-8E23-9F310F30AAD1.bcsymbolmap
copying file ./BCSymbolMaps/02DD8831-8927-39C2-970C-C805072636E3.bcsymbolmap ... 
2017-11-27 13:40:10 +0000  890141 bytes for ./BCSymbolMaps/02DD8831-8927-39C2-970C-C805072636E3.bcsymbolmap
2017-11-27 13:40:10 +0000  copying file ./Payload/OBKVolunteer.app/_CodeSignature/CodeResources ... 
2017-11-27 13:40:10 +0000  19151 bytes for ./Payload/OBKVolunteer.app/_CodeSignature/CodeResources
2017-11-27 13:40:10 +0000  copying file ./Payload/OBKVolunteer.app/Octicons.ttf ... 
2017-11-27 13:40:10 +0000  27512 bytes for ./Payload/OBKVolunteer.app/Octicons.ttf
copying file ./Payload/OBKVolunteer.app/AppIcon20x20@2x.png ... 
2017-11-27 13:40:10 +0000  1210 bytes for ./Payload/OBKVolunteer.app/AppIcon20x20@2x.png
copying file ./Payload/OBKVolunteer.app/AppIcon57x57.png ... 
2017-11-27 13:40:10 +0000  1470 bytes for ./Payload/OBKVolunteer.app/AppIcon57x57.png
copying file ./Payload/OBKVolunteer.app/logo.gif ... 
2017-11-27 13:40:10 +0000  7695 bytes for ./Payload/OBKVolunteer.app/logo.gif
copying file ./Payload/OBKVolunteer.app/Entypo.ttf ... 
2017-11-27 13:40:10 +0000  65584 bytes for ./Payload/OBKVolunteer.app/Entypo.ttf
copying file ./Payload/OBKVolunteer.app/AppIcon20x20@3x.png ... 
2017-11-27 13:40:10 +0000  1522 bytes for ./Payload/OBKVolunteer.app/AppIcon20x20@3x.png
2017-11-27 13:40:10 +0000  copying file ./Payload/OBKVolunteer.app/AppIcon29x29.png ... 
1065 bytes for ./Payload/OBKVolunteer.app/AppIcon29x29.png
copying file ./Payload/OBKVolunteer.app/MaterialCommunityIcons.ttf ... 
2017-11-27 13:40:10 +0000  292556 bytes for ./Payload/OBKVolunteer.app/MaterialCommunityIcons.ttf
copying file ./Payload/OBKVolunteer.app/AppIcon60x60@2x.png ... 
2017-11-27 13:40:10 +0000  3083 bytes for ./Payload/OBKVolunteer.app/AppIcon60x60@2x.png
copying file ./Payload/OBKVolunteer.app/AppIcon29x29@2x.png ... 
2017-11-27 13:40:10 +0000  1511 bytes for ./Payload/OBKVolunteer.app/AppIcon29x29@2x.png
copying file ./Payload/OBKVolunteer.app/AppIcon40x40@3x.png ... 
2017-11-27 13:40:10 +0000  3083 bytes for ./Payload/OBKVolunteer.app/AppIcon40x40@3x.png
copying file ./Payload/OBKVolunteer.app/AppIcon57x57@2x.png ... 
2017-11-27 13:40:10 +0000  2924 bytes for ./Payload/OBKVolunteer.app/AppIcon57x57@2x.png
copying file ./Payload/OBKVolunteer.app/Foundation.ttf ... 
2017-11-27 13:40:10 +0000  56976 bytes for ./Payload/OBKVolunteer.app/Foundation.ttf
copying file ./Payload/OBKVolunteer.app/Ionicons.ttf ... 
2017-11-27 13:40:10 +0000  143936 bytes for ./Payload/OBKVolunteer.app/Ionicons.ttf
copying file ./Payload/OBKVolunteer.app/AppIcon40x40@2x.png ... 
2017-11-27 13:40:10 +0000  2057 bytes for ./Payload/OBKVolunteer.app/AppIcon40x40@2x.png
copying file ./Payload/OBKVolunteer.app/AppIcon29x29@3x.png ... 
2017-11-27 13:40:10 +0000  2233 bytes for ./Payload/OBKVolunteer.app/AppIcon29x29@3x.png
copying file ./Payload/OBKVolunteer.app/AppIcon60x60@3x.png ... 
2017-11-27 13:40:10 +0000  5037 bytes for ./Payload/OBKVolunteer.app/AppIcon60x60@3x.png
2017-11-27 13:40:10 +0000  copying file ./Payload/OBKVolunteer.app/Base.lproj/LaunchScreen.nib ... 
2017-11-27 13:40:10 +0000  3296 bytes for ./Payload/OBKVolunteer.app/Base.lproj/LaunchScreen.nib
2017-11-27 13:40:10 +0000  copying file ./Payload/OBKVolunteer.app/FontAwesome.ttf ... 
2017-11-27 13:40:10 +0000  165548 bytes for ./Payload/OBKVolunteer.app/FontAwesome.ttf
2017-11-27 13:40:10 +0000  copying file ./Payload/OBKVolunteer.app/archived-expanded-entitlements.xcent ... 
2017-11-27 13:40:10 +0000  290 bytes for ./Payload/OBKVolunteer.app/archived-expanded-entitlements.xcent
copying file ./Payload/OBKVolunteer.app/Zocial.ttf ... 
2017-11-27 13:40:10 +0000  25552 bytes for ./Payload/OBKVolunteer.app/Zocial.ttf
copying file ./Payload/OBKVolunteer.app/Assets.car ... 
2017-11-27 13:40:10 +0000  615592 bytes for ./Payload/OBKVolunteer.app/Assets.car
copying file ./Payload/OBKVolunteer.app/main.jsbundle.meta ... 
2017-11-27 13:40:10 +0000  21 bytes for ./Payload/OBKVolunteer.app/main.jsbundle.meta
copying file ./Payload/OBKVolunteer.app/OBKVolunteer ... 
2017-11-27 13:40:11 +0000  23710096 bytes for ./Payload/OBKVolunteer.app/OBKVolunteer
copying file ./Payload/OBKVolunteer.app/EvilIcons.ttf ... 
2017-11-27 13:40:11 +0000  13128 bytes for ./Payload/OBKVolunteer.app/EvilIcons.ttf
copying file ./Payload/OBKVolunteer.app/main.jsbundle ... 
2017-11-27 13:40:11 +0000  1541508 bytes for ./Payload/OBKVolunteer.app/main.jsbundle
copying file ./Payload/OBKVolunteer.app/SimpleLineIcons.ttf ... 
2017-11-27 13:40:11 +0000  54056 bytes for ./Payload/OBKVolunteer.app/SimpleLineIcons.ttf
copying file ./Payload/OBKVolunteer.app/embedded.mobileprovision ... 
2017-11-27 13:40:11 +0000  7454 bytes for ./Payload/OBKVolunteer.app/embedded.mobileprovision
2017-11-27 13:40:11 +0000  copying file ./Payload/OBKVolunteer.app/assets/app/images/logo.gif ... 
2017-11-27 13:40:11 +0000  7695 bytes for ./Payload/OBKVolunteer.app/assets/app/images/logo.gif
2017-11-27 13:40:11 +0000  copying file ./Payload/OBKVolunteer.app/assets/app/images/ic_done_all/ic_done_all.png ... 
202 bytes for ./Payload/OBKVolunteer.app/assets/app/images/ic_done_all/ic_done_all.png
copying file ./Payload/OBKVolunteer.app/assets/app/images/ic_done_all/ic_done_all@3x.png ... 
2017-11-27 13:40:11 +0000  376 bytes for ./Payload/OBKVolunteer.app/assets/app/images/ic_done_all/ic_done_all@3x.png
copying file ./Payload/OBKVolunteer.app/assets/app/images/ic_done_all/ic_done_all@2x.png ... 
2017-11-27 13:40:11 +0000  284 bytes for ./Payload/OBKVolunteer.app/assets/app/images/ic_done_all/ic_done_all@2x.png
2017-11-27 13:40:11 +0000  copying file ./Payload/OBKVolunteer.app/assets/app/images/vegetables_logo/vegetables-logo@2x.png ... 
2017-11-27 13:40:11 +0000  10922 bytes for ./Payload/OBKVolunteer.app/assets/app/images/vegetables_logo/vegetables-logo@2x.png
2017-11-27 13:40:11 +0000  copying file ./Payload/OBKVolunteer.app/assets/app/images/vegetables_logo/vegetables-logo@3x.png ... 
2017-11-27 13:40:11 +0000  17000 bytes for ./Payload/OBKVolunteer.app/assets/app/images/vegetables_logo/vegetables-logo@3x.png
copying file ./Payload/OBKVolunteer.app/assets/app/images/vegetables_logo/vegetables-logo.png ... 
2017-11-27 13:40:11 +0000  5051 bytes for ./Payload/OBKVolunteer.app/assets/app/images/vegetables_logo/vegetables-logo.png
2017-11-27 13:40:11 +0000  copying file ./Payload/OBKVolunteer.app/assets/app/images/ic_check/ic_check@2x.png ... 
2017-11-27 13:40:11 +0000  188 bytes for ./Payload/OBKVolunteer.app/assets/app/images/ic_check/ic_check@2x.png
copying file ./Payload/OBKVolunteer.app/assets/app/images/ic_check/ic_check@3x.png ... 
2017-11-27 13:40:11 +0000  254 bytes for ./Payload/OBKVolunteer.app/assets/app/images/ic_check/ic_check@3x.png
copying file ./Payload/OBKVolunteer.app/assets/app/images/ic_check/ic_check.png ... 
128 bytes for ./Payload/OBKVolunteer.app/assets/app/images/ic_check/ic_check.png
2017-11-27 13:40:11 +0000  copying file ./Payload/OBKVolunteer.app/assets/app/images/ic_person/ic_person@2x.png ... 
2017-11-27 13:40:11 +0000  307 bytes for ./Payload/OBKVolunteer.app/assets/app/images/ic_person/ic_person@2x.png
copying file ./Payload/OBKVolunteer.app/assets/app/images/ic_person/ic_person@3x.png ... 
2017-11-27 13:40:11 +0000  428 bytes for ./Payload/OBKVolunteer.app/assets/app/images/ic_person/ic_person@3x.png
copying file ./Payload/OBKVolunteer.app/assets/app/images/ic_person/ic_person.png ... 
2017-11-27 13:40:11 +0000  189 bytes for ./Payload/OBKVolunteer.app/assets/app/images/ic_person/ic_person.png
copying file ./Payload/OBKVolunteer.app/assets/app/images/ic_list/ic_list.png ... 
2017-11-27 13:40:11 +0000  85 bytes for ./Payload/OBKVolunteer.app/assets/app/images/ic_list/ic_list.png
copying file ./Payload/OBKVolunteer.app/assets/app/images/ic_list/ic_list@2x.png ... 
2017-11-27 13:40:11 +0000  101 bytes for ./Payload/OBKVolunteer.app/assets/app/images/ic_list/ic_list@2x.png
copying file ./Payload/OBKVolunteer.app/assets/app/images/ic_list/ic_list@3x.png ... 
2017-11-27 13:40:11 +0000  111 bytes for ./Payload/OBKVolunteer.app/assets/app/images/ic_list/ic_list@3x.png
2017-11-27 13:40:11 +0000  copying file ./Payload/OBKVolunteer.app/assets/node_modules/react-navigation/src/views/assets/back-icon@3x.png ... 
2017-11-27 13:40:11 +0000  732 bytes for ./Payload/OBKVolunteer.app/assets/node_modules/react-navigation/src/views/assets/back-icon@3x.png
copying file ./Payload/OBKVolunteer.app/assets/node_modules/react-navigation/src/views/assets/back-icon@2x.png ... 
2017-11-27 13:40:11 +0000  534 bytes for ./Payload/OBKVolunteer.app/assets/node_modules/react-navigation/src/views/assets/back-icon@2x.png
copying file ./Payload/OBKVolunteer.app/assets/node_modules/react-navigation/src/views/assets/back-icon.png ... 
2017-11-27 13:40:11 +0000  379 bytes for ./Payload/OBKVolunteer.app/assets/node_modules/react-navigation/src/views/assets/back-icon.png
2017-11-27 13:40:11 +0000  copying file ./Payload/OBKVolunteer.app/assets/node_modules/react-native-datepicker/date_icon.png ... 
2017-11-27 13:40:11 +0000  1133 bytes for ./Payload/OBKVolunteer.app/assets/node_modules/react-native-datepicker/date_icon.png
2017-11-27 13:40:11 +0000  copying file ./Payload/OBKVolunteer.app/assets/node_modules/react-native-elements/src/rating/images/bell.png ... 
2017-11-27 13:40:11 +0000  2989 bytes for ./Payload/OBKVolunteer.app/assets/node_modules/react-native-elements/src/rating/images/bell.png
copying file ./Payload/OBKVolunteer.app/assets/node_modules/react-native-elements/src/rating/images/heart.png ... 
2017-11-27 13:40:11 +0000  1928 bytes for ./Payload/OBKVolunteer.app/assets/node_modules/react-native-elements/src/rating/images/heart.png
2017-11-27 13:40:11 +0000  copying file ./Payload/OBKVolunteer.app/assets/node_modules/react-native-elements/src/rating/images/rocket.png ... 
2017-11-27 13:40:11 +0000  4050 bytes for ./Payload/OBKVolunteer.app/assets/node_modules/react-native-elements/src/rating/images/rocket.png
copying file ./Payload/OBKVolunteer.app/assets/node_modules/react-native-elements/src/rating/images/star.png ... 
2017-11-27 13:40:11 +0000  1961 bytes for ./Payload/OBKVolunteer.app/assets/node_modules/react-native-elements/src/rating/images/star.png
2017-11-27 13:40:11 +0000  copying file ./Payload/OBKVolunteer.app/Info.plist ... 
2017-11-27 13:40:11 +0000  1855 bytes for ./Payload/OBKVolunteer.app/Info.plist
copying file ./Payload/OBKVolunteer.app/PkgInfo ... 
2017-11-27 13:40:11 +0000  8 bytes for ./Payload/OBKVolunteer.app/PkgInfo
copying file ./Payload/OBKVolunteer.app/MaterialIcons.ttf ... 
2017-11-27 13:40:11 +0000  128180 bytes for ./Payload/OBKVolunteer.app/MaterialIcons.ttf
2017-11-27 13:40:11 +0000  
2017-11-27 13:40:11 +0000  2017-11-27 13:40:11 +0000  /usr/bin/ditto exited with 02017-11-27 13:40:11 +0000  


2017-11-27 13:40:11 +0000  Processing step: IDEDistributionCreateManifestStep
2017-11-27 13:40:11 +0000  Skipping step: IDEDistributionCreateManifestStep because it said so
